<?xml version="1.0" encoding="UTF-8"?>
<!-- Generated by org.testng.reporters.JUnitReportReporter -->
<testsuite hostname="LAPTOP-1D8K0B0C" failures="0" tests="1" name="tests.StandaloneTest" time="28.349" errors="0" timestamp="2024-08-30T16:32:48 IST" skipped="0">
  <testcase classname="tests.StandaloneTest" name="StandAlone_Test" time="28.349"/>
  <system-out/>
</testsuite> <!-- tests.StandaloneTest -->
